{"name": "Проверяем работу кнопки 'Логотип'", "status": "broken", "statusDetails": {"message": "selenium.common.exceptions.TimeoutException: Message: \nStacktrace:\nRemoteError@chrome://remote/content/shared/RemoteError.sys.mjs:8:8\nWebDriverError@chrome://remote/content/shared/webdriver/Errors.sys.mjs:180:5\nNoSuchElementError@chrome://remote/content/shared/webdriver/Errors.sys.mjs:392:5\nelement.find/</<@chrome://remote/content/marionette/element.sys.mjs:275:16", "trace": "self = <tests.test_main_page.TestQaScooterPraktikumServices object at 0x0000025C83131B90>, driver = <selenium.webdriver.firefox.webdriver.WebDriver (session=\"51a7089a-79b5-49f3-8756-8ba411f76bf7\")>\nbutton_logo = \".//*[@alt='Yandex']\", url = 'https://yandex.ru/'\n\n    @pytest.mark.click\n    @pytest.mark.parametrize('button_logo, url', [pytest.param(MainPageLocators.LOGO_BUTTON_SCOOTER[1],\n                                                               \"https://qa-scooter.praktikum-services.ru/\",\n                                                               marks=pytest.mark.logo_scooter),\n                                                  pytest.param(MainPageLocators.LOGO_BUTTON_YANDEX[1],\n                                                               \"https://yandex.ru/\",\n                                                               marks=pytest.mark.logo_yandex)])\n    @allure.title(\"Проверяем работу кнопки 'Логотип'\")\n    def test_click_on_logo(self, driver, button_logo, url):\n        MainPage().click_on_logo(driver, button_logo)\n>       ActionOnPage().checking_the_current_tab(driver)\n\ntests\\test_main_page.py:37: \n_ _ _ _ _ _ _ _ _ _ _ _ _ _ _ _ _ _ _ _ _ _ _ _ _ _ _ _ _ _ _ _ _ _ _ _ _ _ _ _ _ _ _ _ _ _ _ _ _ _ _ _ _ _ _ _ _ _ _ _ _ _ _ _ _ _ _ _ _ _ _ _ _ _ _ _ _ _ _ _ _ _ _ _ _ _ _ _ _ _ _ _ _ _ _ _ _ _ _ _ _ _ _ _ _ _ _ _ _ _ _ _ _ _\nPageObject\\Pages.py:37: in checking_the_current_tab\n    ActionOnPage().wait_element(driver, element_tab_yandex)\nPageObject\\Pages.py:13: in wait_element\n    WebDriverWait(driver, 10).until(ec.visibility_of_element_located((By.XPATH, f\"{xpath_element}\")))\n_ _ _ _ _ _ _ _ _ _ _ _ _ _ _ _ _ _ _ _ _ _ _ _ _ _ _ _ _ _ _ _ _ _ _ _ _ _ _ _ _ _ _ _ _ _ _ _ _ _ _ _ _ _ _ _ _ _ _ _ _ _ _ _ _ _ _ _ _ _ _ _ _ _ _ _ _ _ _ _ _ _ _ _ _ _ _ _ _ _ _ _ _ _ _ _ _ _ _ _ _ _ _ _ _ _ _ _ _ _ _ _ _ _\n\nself = <selenium.webdriver.support.wait.WebDriverWait (session=\"51a7089a-79b5-49f3-8756-8ba411f76bf7\")>, method = <function visibility_of_element_located.<locals>._predicate at 0x0000025C83160900>, message = ''\n\n    def until(self, method, message: str = \"\"):\n        \"\"\"Calls the method provided with the driver as an argument until the \\\n        return value does not evaluate to ``False``.\n    \n        :param method: callable(WebDriver)\n        :param message: optional message for :exc:`TimeoutException`\n        :returns: the result of the last call to `method`\n        :raises: :exc:`selenium.common.exceptions.TimeoutException` if timeout occurs\n        \"\"\"\n        screen = None\n        stacktrace = None\n    \n        end_time = time.monotonic() + self._timeout\n        while True:\n            try:\n                value = method(self._driver)\n                if value:\n                    return value\n            except self._ignored_exceptions as exc:\n                screen = getattr(exc, \"screen\", None)\n                stacktrace = getattr(exc, \"stacktrace\", None)\n            time.sleep(self._poll)\n            if time.monotonic() > end_time:\n                break\n>       raise TimeoutException(message, screen, stacktrace)\nE       selenium.common.exceptions.TimeoutException: Message: \nE       Stacktrace:\nE       RemoteError@chrome://remote/content/shared/RemoteError.sys.mjs:8:8\nE       WebDriverError@chrome://remote/content/shared/webdriver/Errors.sys.mjs:180:5\nE       NoSuchElementError@chrome://remote/content/shared/webdriver/Errors.sys.mjs:392:5\nE       element.find/</<@chrome://remote/content/marionette/element.sys.mjs:275:16\n\nE:\\Sprint_4_Final\\Lib\\site-packages\\selenium\\webdriver\\support\\wait.py:95: TimeoutException"}, "steps": [{"name": "Кликаем на кнопку логотипа", "status": "passed", "parameters": [{"name": "driver", "value": "<selenium.webdriver.firefox.webdriver.WebDriver (session=\"51a7089a-79b5-49f3-8756-8ba411f76bf7\")>"}, {"name": "xpath_element", "value": "'.//*[@alt='Yandex']'"}], "start": 1683194741478, "stop": 1683194741744}], "parameters": [{"name": "button_logo", "value": "'.//*[@alt='Yandex']'"}, {"name": "url", "value": "'https://yandex.ru/'"}], "start": 1683194741478, "stop": 1683194752187, "uuid": "7aca85af-82a1-4cef-8fcf-15d12e25a924", "historyId": "e5b5dc3b9e6e39a5691692f708aeacf0", "testCaseId": "819db5419494f5ebd25862305cce3454", "fullName": "test_main_page.TestQaScooterPraktikumServices#test_click_on_logo", "labels": [{"name": "tag", "value": "click"}, {"name": "tag", "value": "logo_yandex"}, {"name": "suite", "value": "test_main_page"}, {"name": "subSuite", "value": "TestQaScooterPraktikumServices"}, {"name": "host", "value": "DENISOFF"}, {"name": "thread", "value": "7396-MainThread"}, {"name": "framework", "value": "pytest"}, {"name": "language", "value": "cpython3"}, {"name": "package", "value": "test_main_page"}]}